============================= test session starts ==============================
platform linux -- Python 3.11.4, pytest-7.4.0, pluggy-1.2.0
rootdir: /home/user/widget_service
collected 42 items

tests/test_api.py ..........F.......                                   [ 45%]
tests/test_models.py ......................                            [100%]

=================================== FAILURES ====================================
______________________________ test_create_order _______________________________

    def test_create_order():
        order = create_order(sku="ABC123", qty=2)
>       assert order.total == 19.98
E       assert 20.98 == 19.98
E        +  where 20.98 = Order(sku='ABC123', qty=2).total

tests/test_api.py:57: AssertionError
FAILED tests/test_api.py::test_create_order - assert 20.98 == 19.98
========================= 1 failed, 41 passed in 3.42s ==========================
